[2025-03-03T09:41:43.634Z] [INFO] Webhook received
[2025-03-03T09:41:43.635Z] [INFO] ✅ Webhook event received: payment_intent.created
[2025-03-03T09:42:16.254Z] [INFO] Webhook received
[2025-03-03T09:42:16.255Z] [INFO] ✅ Webhook event received: payment_intent.succeeded
[2025-03-03T09:42:16.575Z] [INFO] Payment intent succeeded: pi_3QyVVKLKWZZc2yek06vIkfAg
[2025-03-03T09:42:16.575Z] [INFO] Found 1 items in payment intent metadata
[2025-03-03T09:42:16.575Z] [WARN] Payment intent has no sessionId metadata but contains items, creating order
[2025-03-03T09:42:16.998Z] [INFO] Creating order for user cm7niharu0000pvp2o2pd9ebv, stripe session: pi_3QyVVKLKWZZc2yek06vIkfAg
[2025-03-03T09:42:16.998Z] [INFO] Order total calculated: 400
[2025-03-03T09:42:18.325Z] [INFO] Order created successfully with ID: cm7svfn6c0003pvx5pcg5oy0i
[2025-03-03T09:42:19.066Z] [INFO] Sent order confirmation email to mehiskont@gmail.com
[2025-03-03T09:42:19.066Z] [INFO] Created order cm7svfn6c0003pvx5pcg5oy0i from payment intent
[2025-03-03T09:42:21.025Z] [INFO] Updating Discogs inventory for listing 3483406002, quantity: 2
[2025-03-03T09:42:21.027Z] [INFO] Attempting direct OAuth deletion for Discogs listing 3483406002
[2025-03-03T09:42:22.738Z] [INFO] ✅ Successfully deleted listing 3483406002 using OAuth seller authentication
[2025-03-03T09:42:22.739Z] [INFO] ✅ Updated Discogs inventory for item 3483406002
[2025-03-03T09:42:22.739Z] [INFO] Clearing inventory cache...
[2025-03-03T09:51:44.850Z] [INFO] Webhook received
[2025-03-03T09:51:44.851Z] [INFO] ✅ Webhook event received: payment_intent.created
[2025-03-03T09:52:04.262Z] [INFO] Webhook received
[2025-03-03T09:52:04.263Z] [INFO] ✅ Webhook event received: payment_intent.succeeded
[2025-03-03T09:52:04.652Z] [INFO] Payment intent succeeded: pi_3QyVf2LKWZZc2yek13vrquzP
[2025-03-03T09:52:04.652Z] [INFO] Found 1 items in payment intent metadata
[2025-03-03T09:52:04.653Z] [WARN] Payment intent has no sessionId metadata but contains items, creating order
[2025-03-03T09:52:04.951Z] [INFO] Creating order for user cm7niharu0000pvp2o2pd9ebv, stripe session: pi_3QyVf2LKWZZc2yek13vrquzP
[2025-03-03T09:52:04.951Z] [INFO] Order total calculated: 100
[2025-03-03T09:52:06.202Z] [INFO] Order created successfully with ID: cm7svs8t80003pvkiigok1i9d
[2025-03-03T09:52:06.859Z] [INFO] Sent order confirmation email to mehiskont@gmail.com
[2025-03-03T09:52:06.859Z] [INFO] Created order cm7svs8t80003pvkiigok1i9d from payment intent
[2025-03-03T09:52:07.629Z] [INFO] Updating Discogs inventory for listing 3467383458, quantity: 1
[2025-03-03T09:52:07.630Z] [INFO] Attempting direct OAuth deletion for Discogs listing 3467383458
[2025-03-03T09:52:08.794Z] [INFO] ✅ Successfully deleted listing 3467383458 using OAuth seller authentication
[2025-03-03T09:52:08.795Z] [INFO] ✅ Updated Discogs inventory for item 3467383458
[2025-03-03T09:52:08.795Z] [INFO] Clearing inventory cache...
[2025-03-03T09:59:44.135Z] [INFO] Webhook received
[2025-03-03T09:59:44.137Z] [INFO] ✅ Webhook event received: payment_intent.created
[2025-03-03T09:59:57.398Z] [INFO] Webhook received
[2025-03-03T09:59:57.399Z] [INFO] ✅ Webhook event received: payment_intent.succeeded
[2025-03-03T09:59:57.753Z] [INFO] Payment intent succeeded: pi_3QyVmlLKWZZc2yek1LImHj2I
[2025-03-03T09:59:57.754Z] [INFO] Found 1 items in payment intent metadata
[2025-03-03T09:59:57.754Z] [WARN] Payment intent has no sessionId metadata but contains items, creating order
[2025-03-03T09:59:58.161Z] [INFO] Creating order for user cm7niharu0000pvp2o2pd9ebv, stripe session: pi_3QyVmlLKWZZc2yek1LImHj2I
[2025-03-03T09:59:58.161Z] [INFO] Order total calculated: 120
[2025-03-03T09:59:59.359Z] [INFO] Order created successfully with ID: cm7sw2dzv0008pvkiylxip0dg
[2025-03-03T10:00:01.801Z] [INFO] Sent order confirmation email to mehiskont@gmail.com
[2025-03-03T10:00:01.801Z] [INFO] Created order cm7sw2dzv0008pvkiylxip0dg from payment intent
[2025-03-03T10:00:02.716Z] [INFO] Updating Discogs inventory for listing 3467862846, quantity: 1
[2025-03-03T10:00:02.716Z] [INFO] Attempting direct OAuth deletion for Discogs listing 3467862846
[2025-03-03T10:00:03.439Z] [INFO] ✅ Successfully deleted listing 3467862846 using OAuth seller authentication
[2025-03-03T10:00:03.439Z] [INFO] ✅ Updated Discogs inventory for item 3467862846
[2025-03-03T10:00:03.439Z] [INFO] Clearing inventory cache...
[2025-03-03T10:00:23.013Z] [INFO] Webhook received
[2025-03-03T10:00:23.014Z] [INFO] ✅ Webhook event received: payment_intent.created
[2025-03-03T10:00:35.951Z] [INFO] Webhook received
[2025-03-03T10:00:35.952Z] [INFO] ✅ Webhook event received: payment_intent.succeeded
[2025-03-03T10:00:36.340Z] [INFO] Payment intent succeeded: pi_3QyVnOLKWZZc2yek0EkjF9SK
[2025-03-03T10:00:36.341Z] [INFO] Found 1 items in payment intent metadata
[2025-03-03T10:00:36.341Z] [WARN] Payment intent has no sessionId metadata but contains items, creating order
[2025-03-03T10:00:36.636Z] [INFO] Creating order for user cm7niharu0000pvp2o2pd9ebv, stripe session: pi_3QyVnOLKWZZc2yek0EkjF9SK
[2025-03-03T10:00:36.637Z] [INFO] Order total calculated: 200
[2025-03-03T10:00:37.986Z] [INFO] Order created successfully with ID: cm7sw37np000dpvkialishd3p
[2025-03-03T10:00:38.966Z] [INFO] Sent order confirmation email to mehiskont@gmail.com
[2025-03-03T10:00:38.966Z] [INFO] Created order cm7sw37np000dpvkialishd3p from payment intent
[2025-03-03T10:00:39.791Z] [INFO] Updating Discogs inventory for listing 3482690175, quantity: 1
[2025-03-03T10:00:39.793Z] [INFO] Attempting direct OAuth deletion for Discogs listing 3482690175
[2025-03-03T10:00:40.583Z] [INFO] ✅ Successfully deleted listing 3482690175 using OAuth seller authentication
[2025-03-03T10:00:40.583Z] [INFO] ✅ Updated Discogs inventory for item 3482690175
[2025-03-03T10:00:40.583Z] [INFO] Clearing inventory cache...
[2025-03-03T11:55:21.708Z] [INFO] Webhook received
[2025-03-03T11:55:21.710Z] [INFO] ✅ Webhook event received: payment_intent.created
[2025-03-03T11:55:37.417Z] [INFO] Webhook received
[2025-03-03T11:55:37.419Z] [INFO] ✅ Webhook event received: payment_intent.succeeded
[2025-03-03T11:55:37.763Z] [INFO] Payment intent succeeded: pi_3QyXaeLKWZZc2yek0qPQVb6A
[2025-03-03T11:55:37.763Z] [INFO] Found 1 items in payment intent metadata
[2025-03-03T11:55:37.763Z] [WARN] Payment intent has no sessionId metadata but contains items, creating order
[2025-03-03T11:55:38.046Z] [INFO] Creating order for user cm7niharu0000pvp2o2pd9ebv, stripe session: pi_3QyXaeLKWZZc2yek0qPQVb6A
[2025-03-03T11:55:38.046Z] [INFO] Order total calculated: 199
[2025-03-03T11:55:39.113Z] [INFO] Order created successfully with ID: cm7t074rh0003pvbp1prbf60x
[2025-03-03T11:55:39.611Z] [ERROR] Failed to send order confirmation email: Cannot read properties of undefined (reading 'success')
[2025-03-03T11:55:39.612Z] [INFO] Created order cm7t074rh0003pvbp1prbf60x from payment intent
[2025-03-03T11:55:40.292Z] [INFO] Updating Discogs inventory for listing 3483726924, quantity: 1
[2025-03-03T11:55:40.293Z] [INFO] Attempting direct OAuth deletion for Discogs listing 3483726924
[2025-03-03T11:55:40.999Z] [INFO] ✅ Successfully deleted listing 3483726924 using OAuth seller authentication
[2025-03-03T11:55:41.000Z] [INFO] ✅ Updated Discogs inventory for item 3483726924
[2025-03-03T11:55:41.000Z] [INFO] Clearing inventory cache...
[2025-03-03T11:57:35.412Z] [INFO] Sending test order confirmation email to mehiskont@gmail.com
[2025-03-03T11:57:35.919Z] [ERROR] Error sending test email: Cannot read properties of undefined (reading 'success')
[2025-03-03T12:03:06.115Z] [INFO] Sending test order confirmation email to mehiskont@gmail.com
[2025-03-03T12:03:06.904Z] [ERROR] Email function returned invalid result object
[2025-03-03T12:04:43.399Z] [INFO] Sending test order shipped email to mehiskont@gmail.com
[2025-03-03T12:04:43.983Z] [ERROR] Email function returned invalid result object
[2025-03-03T12:11:08.768Z] [INFO] Direct email test: Using API key re_U2Su4...
[2025-03-03T12:11:10.218Z] [ERROR] Direct email test failed: {"statusCode":403,"message":"The plastikrecords.com domain is not verified. Please, add and verify your domain on https://resend.com/domains","name":"validation_error"}
[2025-03-03T12:15:04.742Z] [INFO] Direct email test: Using API key re_U2Su4...
[2025-03-03T12:15:05.521Z] [INFO] Direct email test succeeded. ID: d9d9ed96-89d1-4f2c-ba4e-c1513d89824d
[2025-03-03T12:15:05.778Z] [INFO] Sending simple test email to mehiskont@gmail.com using direct Resend API
[2025-03-03T12:15:06.460Z] [INFO] Direct email sent successfully, ID: 3a3ef3c9-98af-486b-af15-daf7d160813c
[2025-03-03T12:17:14.859Z] [INFO] Webhook received
[2025-03-03T12:17:14.861Z] [INFO] ✅ Webhook event received: payment_intent.created
[2025-03-03T12:17:37.028Z] [INFO] Webhook received
[2025-03-03T12:17:37.028Z] [INFO] ✅ Webhook event received: payment_intent.succeeded
[2025-03-03T12:17:37.468Z] [INFO] Payment intent succeeded: pi_3QyXvqLKWZZc2yek0kIRn6is
[2025-03-03T12:17:37.468Z] [INFO] Found 1 items in payment intent metadata
[2025-03-03T12:17:37.469Z] [WARN] Payment intent has no sessionId metadata but contains items, creating order
[2025-03-03T12:17:37.764Z] [INFO] Creating order for user cm7niharu0000pvp2o2pd9ebv, stripe session: pi_3QyXvqLKWZZc2yek0kIRn6is
[2025-03-03T12:17:37.764Z] [INFO] Order total calculated: 199
[2025-03-03T12:17:39.040Z] [INFO] Order created successfully with ID: cm7t0zf4d0003pv452x7jo2lw
[2025-03-03T12:17:39.523Z] [ERROR] Failed to send order confirmation email: Cannot read properties of undefined (reading 'success')
[2025-03-03T12:17:39.524Z] [INFO] Created order cm7t0zf4d0003pv452x7jo2lw from payment intent
[2025-03-03T12:17:40.179Z] [INFO] Updating Discogs inventory for listing 3483726657, quantity: 1
[2025-03-03T12:17:40.180Z] [INFO] Attempting direct OAuth deletion for Discogs listing 3483726657
[2025-03-03T12:17:40.968Z] [INFO] ✅ Successfully deleted listing 3483726657 using OAuth seller authentication
[2025-03-03T12:17:40.968Z] [INFO] ✅ Updated Discogs inventory for item 3483726657
[2025-03-03T12:17:40.969Z] [INFO] Clearing inventory cache...
[2025-03-03T12:23:53.978Z] [INFO] Webhook received
[2025-03-03T12:23:53.980Z] [INFO] ✅ Webhook event received: payment_intent.created
[2025-03-03T12:24:07.866Z] [INFO] Webhook received
[2025-03-03T12:24:07.866Z] [INFO] ✅ Webhook event received: payment_intent.succeeded
[2025-03-03T12:24:08.204Z] [INFO] Payment intent succeeded: pi_3QyY2HLKWZZc2yek0B0l3h6Q
[2025-03-03T12:24:08.204Z] [INFO] Found 1 items in payment intent metadata
[2025-03-03T12:24:08.204Z] [WARN] Payment intent has no sessionId metadata but contains items, creating order
[2025-03-03T12:24:08.469Z] [INFO] Creating order for user cm7niharu0000pvp2o2pd9ebv, stripe session: pi_3QyY2HLKWZZc2yek0B0l3h6Q
[2025-03-03T12:24:08.469Z] [INFO] Order total calculated: 230
[2025-03-03T12:24:09.536Z] [INFO] Order created successfully with ID: cm7t17sis0008pv45ong4e1br
[2025-03-03T12:24:09.996Z] [ERROR] Failed to send order confirmation email: Cannot read properties of undefined (reading 'success')
[2025-03-03T12:24:09.997Z] [INFO] Created order cm7t17sis0008pv45ong4e1br from payment intent
[2025-03-03T12:24:10.868Z] [INFO] Updating Discogs inventory for listing 3483726210, quantity: 1
[2025-03-03T12:24:10.869Z] [INFO] Attempting direct OAuth deletion for Discogs listing 3483726210
[2025-03-03T12:24:11.563Z] [INFO] ✅ Successfully deleted listing 3483726210 using OAuth seller authentication
[2025-03-03T12:24:11.563Z] [INFO] ✅ Updated Discogs inventory for item 3483726210
[2025-03-03T12:24:11.563Z] [INFO] Clearing inventory cache...
[2025-03-03T12:27:17.745Z] [INFO] Direct email test: Using API key re_U2Su4...
[2025-03-03T12:27:18.666Z] [INFO] Direct email test succeeded. ID: 131b4a75-b32f-4bf8-ada6-57ba68d8d143
[2025-03-03T12:27:18.964Z] [INFO] Sending test order confirmation email to mehiskont@gmail.com
[2025-03-03T12:27:19.389Z] [ERROR] Email function returned invalid result object
[2025-03-03T12:27:47.786Z] [INFO] Direct email test: Using API key re_U2Su4...
[2025-03-03T12:27:48.666Z] [INFO] Direct email test succeeded. ID: 943f194f-3cdc-45c1-81bf-a2b3de42f2d6
[2025-03-03T12:27:48.681Z] [INFO] Sending test order confirmation email to mehiskont@gmail.com
[2025-03-03T12:27:49.143Z] [ERROR] Email function returned invalid result object
[2025-03-03T12:32:06.502Z] [INFO] Webhook received
[2025-03-03T12:32:06.504Z] [INFO] ✅ Webhook event received: payment_intent.created
[2025-03-03T12:34:31.703Z] [INFO] Webhook received
[2025-03-03T12:34:31.704Z] [INFO] ✅ Webhook event received: payment_intent.created
[2025-03-03T12:34:47.636Z] [INFO] Webhook received
[2025-03-03T12:34:47.637Z] [INFO] ✅ Webhook event received: payment_intent.succeeded
[2025-03-03T12:34:48.009Z] [INFO] Payment intent succeeded: pi_3QyYCZLKWZZc2yek0qFXAOIp
[2025-03-03T12:34:48.010Z] [INFO] Found 1 items in payment intent metadata
[2025-03-03T12:34:48.010Z] [WARN] Payment intent has no sessionId metadata but contains items, creating order
[2025-03-03T12:34:48.308Z] [INFO] Creating order for user cm7niharu0000pvp2o2pd9ebv, stripe session: pi_3QyYCZLKWZZc2yek0qFXAOIp
[2025-03-03T12:34:48.309Z] [INFO] Order total calculated: 300
[2025-03-03T12:34:49.573Z] [INFO] Order created successfully with ID: cm7t1lict0003pvozdygo0t1g
[2025-03-03T12:34:49.573Z] [INFO] Attempting to send confirmation email to user account: mehiskont@gmail.com
[2025-03-03T12:34:50.214Z] [WARN] Failed to send email to user account: undefined
[2025-03-03T12:34:50.215Z] [INFO] Attempting direct Resend API fallback to: mehiskont@gmail.com
[2025-03-03T12:34:50.878Z] [INFO] Direct Resend API success: 4518fe04-0384-47be-b507-42592f1a5f53
[2025-03-03T12:34:50.878Z] [INFO] Created order cm7t1lict0003pvozdygo0t1g from payment intent
[2025-03-03T12:34:51.628Z] [INFO] Updating Discogs inventory for listing 3483726429, quantity: 1
[2025-03-03T12:34:51.629Z] [INFO] Attempting direct OAuth deletion for Discogs listing 3483726429
[2025-03-03T12:34:52.740Z] [INFO] ✅ Successfully deleted listing 3483726429 using OAuth seller authentication
[2025-03-03T12:34:52.741Z] [INFO] ✅ Updated Discogs inventory for item 3483726429
[2025-03-03T12:34:52.741Z] [INFO] Clearing inventory cache...
[2025-03-03T12:50:25.046Z] [INFO] Refreshing inventory: clearing caches
[2025-03-03T12:50:25.049Z] [INFO] Cleared 2 inventory cache entries and 3 record cache entries
[2025-03-03T12:50:25.049Z] [INFO] Fetching latest inventory data to rebuild cache
[2025-03-03T12:50:26.263Z] [INFO] Inventory refresh complete - cache rebuilt with fresh data
[2025-03-03T12:51:00.431Z] [INFO] Webhook received
[2025-03-03T12:51:00.433Z] [INFO] ✅ Webhook event received: payment_intent.created
[2025-03-03T12:51:17.916Z] [INFO] Webhook received
[2025-03-03T12:51:17.917Z] [INFO] ✅ Webhook event received: payment_intent.succeeded
[2025-03-03T12:51:18.273Z] [INFO] Payment intent succeeded: pi_3QyYSVLKWZZc2yek0fZaBmTE
[2025-03-03T12:51:18.274Z] [INFO] Found 1 items in payment intent metadata
[2025-03-03T12:51:18.274Z] [WARN] Payment intent has no sessionId metadata but contains items, creating order
[2025-03-03T12:51:18.544Z] [INFO] Creating order for user cm7niharu0000pvp2o2pd9ebv, stripe session: pi_3QyYSVLKWZZc2yek0fZaBmTE
[2025-03-03T12:51:18.544Z] [INFO] Order total calculated: 188
[2025-03-03T12:51:19.699Z] [INFO] Order created successfully with ID: cm7t26qb90003pv8fv5g4run7
[2025-03-03T12:51:19.701Z] [INFO] Attempting to send confirmation email to user account: mehiskont@gmail.com
[2025-03-03T12:51:21.782Z] [WARN] Failed to send email to user account: undefined
[2025-03-03T12:51:21.783Z] [INFO] Attempting direct Resend API fallback to: mehiskont@gmail.com
[2025-03-03T12:51:22.415Z] [INFO] Direct Resend API success: 6a2a3f11-e03a-4ac0-ab8e-1f424f99f470
[2025-03-03T12:51:22.415Z] [INFO] Created order cm7t26qb90003pv8fv5g4run7 from payment intent
[2025-03-03T12:51:23.036Z] [INFO] Updating Discogs inventory for listing 3483823017, quantity: 1
[2025-03-03T12:51:23.036Z] [INFO] Attempting direct OAuth deletion for Discogs listing 3483823017
[2025-03-03T12:51:23.739Z] [INFO] ✅ Successfully deleted listing 3483823017 using OAuth seller authentication
[2025-03-03T12:51:23.740Z] [INFO] ✅ Updated Discogs inventory for item 3483823017
[2025-03-03T12:51:23.740Z] [INFO] Clearing inventory cache...
[2025-03-03T13:08:16.600Z] [INFO] Webhook received
[2025-03-03T13:08:16.601Z] [INFO] ✅ Webhook event received: payment_intent.created
[2025-03-03T13:08:31.462Z] [INFO] Webhook received
[2025-03-03T13:08:31.462Z] [INFO] ✅ Webhook event received: payment_intent.succeeded
[2025-03-03T13:08:31.818Z] [INFO] Payment intent succeeded: pi_3QyYjDLKWZZc2yek16M25gZg
[2025-03-03T13:08:31.818Z] [INFO] Found 1 items in payment intent metadata
[2025-03-03T13:08:31.818Z] [WARN] Payment intent has no sessionId metadata but contains items, creating order
[2025-03-03T13:08:32.193Z] [INFO] Creating order for user cm7niharu0000pvp2o2pd9ebv, stripe session: pi_3QyYjDLKWZZc2yek16M25gZg
[2025-03-03T13:08:32.193Z] [INFO] Order total calculated: 200
[2025-03-03T13:08:33.416Z] [INFO] Order created successfully with ID: cm7t2svxm0003pv5uwm5x0fmm
[2025-03-03T13:08:33.418Z] [INFO] Attempting to send confirmation email to user account: mehiskont@gmail.com
[2025-03-03T13:08:34.014Z] [WARN] Failed to send email to user account: undefined
[2025-03-03T13:08:34.014Z] [INFO] Attempting direct Resend API fallback to: mehiskont@gmail.com
[2025-03-03T13:08:34.794Z] [INFO] Direct Resend API success: 1fd1d15b-f6d5-42ac-840e-b9bf04f48a04
[2025-03-03T13:08:34.794Z] [INFO] Created order cm7t2svxm0003pv5uwm5x0fmm from payment intent
[2025-03-03T13:08:35.543Z] [INFO] Updating Discogs inventory for listing 3483822849, quantity: 1
[2025-03-03T13:08:35.543Z] [INFO] Attempting direct OAuth deletion for Discogs listing 3483822849
[2025-03-03T13:08:36.396Z] [INFO] ✅ Successfully deleted listing 3483822849 using OAuth seller authentication
[2025-03-03T13:08:36.396Z] [INFO] ✅ Updated Discogs inventory for item 3483822849
[2025-03-03T13:08:36.397Z] [INFO] Clearing inventory cache...
